# JRE version: Java(TM) SE Runtime Environment (11.0.6+8) (build 11.0.6+8-LTS)
# Java VM: Java HotSpot(TM) 64-Bit Server VM (11.0.6+8-LTS, mixed mode, tiered, compressed oops, g1 gc, windows-amd64)
Heap:
 garbage-first heap   total 229376K, used 31744K [0x0000000721e00000, 0x0000000800000000)
  region size 1024K, 32 young (32768K), 8 survivors (8192K)
 Metaspace       used 37610K, capacity 38062K, committed 38352K, reserved 1083392K
  class space    used 4452K, capacity 4624K, committed 4736K, reserved 1048576K
GC Heap History (8 events):
Event: 1.008 GC heap before
{Heap before GC invocations=0 (full 0):
 garbage-first heap   total 229376K, used 24576K [0x0000000721e00000, 0x0000000800000000)
  region size 1024K, 24 young (24576K), 0 survivors (0K)
 Metaspace       used 11661K, capacity 11893K, committed 11904K, reserved 1060864K
  class space    used 1077K, capacity 1149K, committed 1152K, reserved 1048576K
}
Event: 1.012 GC heap after
{Heap after GC invocations=1 (full 0):
 garbage-first heap   total 229376K, used 3830K [0x0000000721e00000, 0x0000000800000000)
  region size 1024K, 3 young (3072K), 3 survivors (3072K)
 Metaspace       used 11661K, capacity 11893K, committed 11904K, reserved 1060864K
  class space    used 1077K, capacity 1149K, committed 1152K, reserved 1048576K
}
Event: 3.043 GC heap before
{Heap before GC invocations=1 (full 0):
 garbage-first heap   total 229376K, used 87798K [0x0000000721e00000, 0x0000000800000000)
  region size 1024K, 87 young (89088K), 3 survivors (3072K)
 Metaspace       used 20816K, capacity 21118K, committed 21296K, reserved 1069056K
  class space    used 2226K, capacity 2351K, committed 2432K, reserved 1048576K
}
Event: 3.049 GC heap after
{Heap after GC invocations=2 (full 0):
 garbage-first heap   total 229376K, used 5812K [0x0000000721e00000, 0x0000000800000000)
  region size 1024K, 5 young (5120K), 5 survivors (5120K)
 Metaspace       used 20816K, capacity 21118K, committed 21296K, reserved 1069056K
  class space    used 2226K, capacity 2351K, committed 2432K, reserved 1048576K
}
Event: 5.119 GC heap before
{Heap before GC invocations=3 (full 0):
 garbage-first heap   total 229376K, used 105140K [0x0000000721e00000, 0x0000000800000000)
  region size 1024K, 102 young (104448K), 5 survivors (5120K)
 Metaspace       used 30561K, capacity 30992K, committed 31280K, reserved 1077248K
  class space    used 3482K, capacity 3617K, committed 3712K, reserved 1048576K
}
Event: 5.128 GC heap after
{Heap after GC invocations=4 (full 0):
 garbage-first heap   total 229376K, used 7951K [0x0000000721e00000, 0x0000000800000000)
  region size 1024K, 7 young (7168K), 7 survivors (7168K)
 Metaspace       used 30561K, capacity 30992K, committed 31280K, reserved 1077248K
  class space    used 3482K, capacity 3617K, committed 3712K, reserved 1048576K
}
Event: 6.184 GC heap before
{Heap before GC invocations=4 (full 0):
 garbage-first heap   total 229376K, used 68367K [0x0000000721e00000, 0x0000000800000000)
  region size 1024K, 67 young (68608K), 7 survivors (7168K)
 Metaspace       used 35449K, capacity 35866K, committed 35920K, reserved 1081344K
  class space    used 4202K, capacity 4339K, committed 4352K, reserved 1048576K
}
Event: 6.193 GC heap after
{Heap after GC invocations=5 (full 0):
 garbage-first heap   total 229376K, used 9216K [0x0000000721e00000, 0x0000000800000000)
  region size 1024K, 8 young (8192K), 8 survivors (8192K)
 Metaspace       used 35449K, capacity 35866K, committed 35920K, reserved 1081344K
  class space    used 4202K, capacity 4339K, committed 4352K, reserved 1048576K
}

